<?xml version="1.0" encoding="UTF-8"?>
<!-- Generated by org.testng.reporters.JUnitXMLReporter -->
<testsuite ignored="0" hostname="OB-Nidhi" failures="0" tests="1" name="EditVATType_Standard" time="55.86" errors="0" timestamp="2021-06-02T21:12:41 IST">
  <testcase classname="VAT3_SuplierStandardtoFRSFullReconsilation.EditVATType_Standard" name="GoToUrlAssertUrlPositiveEnterUserNamePositiveEnterPasswordClickLoginButtonGoToUrlAssertUrlCl2" time="49.467"/>
</testsuite> <!-- EditVATType_Standard -->
