<?xml version="1.0" encoding="UTF-8"?>
<!-- Generated by org.testng.reporters.JUnitXMLReporter -->
<testsuite ignored="0" hostname="OB-Nidhi" failures="0" tests="1" name="F2noVat_ScriptVATReturn2stVATReturnReport" time="69.071" errors="0" timestamp="2021-07-28T20:09:07 IST">
  <testcase classname="VAT2.F2NOVAT.F2noVat_ScriptVATReturn2stVATReturnReport_2" name="GoToUrlAssertUrlPositiveEnterUserNamePositiveEnterPasswordClickLoginButtonGoToUrlAssertUrlCl" time="63.112"/>
</testsuite> <!-- F2noVat_ScriptVATReturn2stVATReturnReport -->
