<?xml version="1.0" encoding="UTF-8"?>
<!-- Generated by org.testng.reporters.JUnitXMLReporter -->
<testsuite ignored="0" hostname="OB-Nidhi" failures="0" tests="1" name="F2noVat_ScriptPostVATReturn1stVATReturnReport_1" time="48.341" errors="0" timestamp="2021-07-28T20:11:26 IST">
  <testcase classname="VAT2.F2NOVAT.F2noVat_ScriptPostVATReturn1stVATReturnReport_1" name="GoToUrlAssertUrlPositiveEnterUserNamePositiveEnterPasswordClickLoginButtonGoToUrlAssertUrlCl" time="42.232"/>
</testsuite> <!-- F2noVat_ScriptPostVATReturn1stVATReturnReport_1 -->
