<?xml version="1.0" encoding="UTF-8"?>
<!-- Generated by org.testng.reporters.JUnitXMLReporter -->
<testsuite ignored="0" hostname="OB-Nidhi" failures="0" tests="1" name="S2noVAT_ScriptVATReturn1stVATReturnReport_SToFlat_60" time="95.093" errors="0" timestamp="2021-07-28T20:35:03 IST">
  <testcase classname="VAT2.S2NoVAT.S2noVAT_ScriptVATReturn1stVATReturnReport_SToFlat_60" name="GoToUrlAssertUrlPositiveEnterUserNamePositiveEnterPasswordClickLoginButtonGoToUrlAssertUrlCl" time="89.04"/>
</testsuite> <!-- S2noVAT_ScriptVATReturn1stVATReturnReport_SToFlat_60 -->
