<?xml version="1.0" encoding="UTF-8"?>
<!-- Generated by org.testng.reporters.JUnitXMLReporter -->
<testsuite ignored="0" hostname="OB-Nidhi" failures="0" tests="1" name="ScriptVATReturn3stVATReturnReport_SToFRS_PRE3" time="43.268" errors="0" timestamp="2021-07-28T18:37:48 IST">
  <testcase classname="VAT3.FullREC_F2_NOVAT.ScriptVATReturn3stVATReturnReport_SToFRS_PRE3" name="GoToUrlAssertUrlPositiveEnterUserNamePositiveEnterPasswordClickLoginButtonGoToUrlAssertUrlCl" time="37.249"/>
</testsuite> <!-- ScriptVATReturn3stVATReturnReport_SToFRS_PRE3 -->
