<?xml version="1.0" encoding="UTF-8"?>
<!-- Generated by org.testng.reporters.JUnitXMLReporter -->
<testsuite ignored="0" hostname="OB-Nidhi" failures="0" tests="1" name="ScriptEditSettingToVATType_Suplier_FtoS" time="46.294" errors="0" timestamp="2021-04-29T08:13:42 IST">
  <testcase classname="tests.SupFlatToStandardReconcilation.ScriptEditSettingToVATType_Suplier_FtoS" name="GoToUrlAssertUrlPositiveEnterUserNamePositiveEnterPasswordClickLoginButtonGoToUrlAssertUrlCl2" time="40.075"/>
</testsuite> <!-- ScriptEditSettingToVATType_Suplier_FtoS -->
