<?xml version="1.0" encoding="UTF-8"?>
<!-- Generated by org.testng.reporters.JUnitXMLReporter -->
<testsuite ignored="0" hostname="OB-Nidhi" failures="0" tests="1" name="ScriptPostVATReturn2stVATReturnReport_DefaultProfileFullyReconcile_1" time="63.27" errors="0" timestamp="2021-06-02T21:35:40 IST">
  <testcase classname="VAT3_SuplierStandardtoFRSFullReconsilation.ScriptPostVATReturn2stVATReturnReport_DefaultProfileFullyReconcile_1" name="GoToUrlAssertUrlPositiveEnterUserNamePositiveEnterPasswordClickLoginButtonGoToUrlAssertUrlCl" time="57.208"/>
</testsuite> <!-- ScriptPostVATReturn2stVATReturnReport_DefaultProfileFullyReconcile_1 -->
