<?xml version="1.0" encoding="UTF-8"?>
<!-- Generated by org.testng.reporters.JUnitXMLReporter -->
<testsuite ignored="0" hostname="OB-Nidhi" failures="0" tests="1" name="ScriptPostVATReturn1stVATReturnReport_DefaultProfileFullyReconcile_1" time="41.645" errors="0" timestamp="2021-06-02T21:34:37 IST">
  <testcase classname="VAT3_SuplierStandardtoFRSFullReconsilation.ScriptPostVATReturn1stVATReturnReport_DefaultProfileFullyReconcile_1" name="GoToUrlAssertUrlPositiveEnterUserNamePositiveEnterPasswordClickLoginButtonGoToUrlAssertUrlCl" time="35.642"/>
</testsuite> <!-- ScriptPostVATReturn1stVATReturnReport_DefaultProfileFullyReconcile_1 -->
