<?xml version="1.0" encoding="UTF-8"?>
<!-- Generated by org.testng.reporters.JUnitXMLReporter -->
<testsuite ignored="0" hostname="OB-Nidhi" failures="0" tests="1" name="ScriptVATReturn1stVATReturnReport_SToFlat_cus" time="49.82" errors="0" timestamp="2021-07-28T19:31:32 IST">
  <testcase classname="VAT2.S2F.pre1_ScriptVATReturn1stVATReturnReport_SToFlat_cus" name="GoToUrlAssertUrlPositiveEnterUserNamePositiveEnterPasswordClickLoginButtonGoToUrlAssertUrlCl" time="43.682"/>
</testsuite> <!-- ScriptVATReturn1stVATReturnReport_SToFlat_cus -->
