<?xml version="1.0" encoding="UTF-8"?>
<!-- Generated by org.testng.reporters.JUnitXMLReporter -->
<testsuite ignored="0" hostname="OB-Nidhi" failures="0" tests="1" name="ScriptVATReturn2stVATReturnReport_SToFRS_DefaultProfileFullyReconcile_1" time="58.751" errors="0" timestamp="2021-06-02T21:32:01 IST">
  <testcase classname="VAT3_SuplierStandardtoFRSFullReconsilation.ScriptVATReturn2stVATReturnReport_SToFRS_DefaultProfileFullyReconcile_1" name="GoToUrlAssertUrlPositiveEnterUserNamePositiveEnterPasswordClickLoginButtonGoToUrlAssertUrlCl" time="52.749"/>
</testsuite> <!-- ScriptVATReturn2stVATReturnReport_SToFRS_DefaultProfileFullyReconcile_1 -->
