<?xml version="1.0" encoding="UTF-8"?>
<!-- Generated by org.testng.reporters.JUnitXMLReporter -->
<testsuite ignored="0" hostname="OB-Nidhi" failures="0" tests="1" name="ScriptVATReturn1stVATReturnReport_SToNOVAT_DefaultProfile1" time="52.467" errors="0" timestamp="2021-07-28T19:01:44 IST">
  <testcase classname="VAT2.F2S.ScriptVATReturn1stVATReturnReport_SToNOVAT_DefaultProfile1" name="GoToUrlAssertUrlPositiveEnterUserNamePositiveEnterPasswordClickLoginButtonGoToUrlAssertUrlCl" time="46.422"/>
</testsuite> <!-- ScriptVATReturn1stVATReturnReport_SToNOVAT_DefaultProfile1 -->
