<?xml version="1.0" encoding="UTF-8"?>
<!-- Generated by org.testng.reporters.JUnitXMLReporter -->
<testsuite ignored="0" hostname="OB-Nidhi" failures="0" tests="1" name="searchtrans_searchtranandclick" time="44.519" errors="0" timestamp="2021-03-25T16:39:36 IST">
  <testcase classname="tests.searchtrans_searchtranandclick" name="searchtranandclickGoToUrlAssertUrlPositiveEnternLOGINPositiveEnternPASSClickLoginGoToUrlAsse1" time="38.339"/>
</testsuite> <!-- searchtrans_searchtranandclick -->
