<?xml version="1.0" encoding="UTF-8"?>
<!-- Generated by org.testng.reporters.JUnitXMLReporter -->
<testsuite ignored="0" hostname="OB-Nidhi" failures="1" tests="1" name="sm311_Nominalcode_Partnership" time="47.692" errors="0" timestamp="2021-08-20T22:15:36 IST">
  <testcase classname="tests.Ticket311.sm311_Nominalcode_Partnership" name="GoToUrlAssertUrlClickAdvisorToolsToplftClickNominalCodlinkPositiveEnterSearchCodeinputPositive" time="41.54">
    <failure type="java.lang.AssertionError" message="The following asserts failed:
	Text not match=ntangible Assets Disposals expected [1] but found [0],
	Text not match=Income b/f expected [1] but found [0],
	Text not match=Sales - VAT Consultancy Work expected [1] but found [0],
	Text not match=Sales - Personal/Individual Tax expected [1] but found [0],
	Text not match=Sales - Bookkeeping Services expected [1] but found [0],
	Text not match=Sales - Payroll Services expected [1] but found [0],
	Text not match=Sales - Management Accounts expected [1] but found [0],
	Text not match=Sales - Company Registrations expected [1] but found [0],
	Text not match=Sales expected [1] but found [0],
	Text not match=Flat Rate Savings expected [1] but found [0],
	Text not match=Employers National Insurance Allowance expected [1] but found [0],
	Text not match=Expense b/f expected [1] but found [0],
	Text not match=data5 expected [1] but found [0],
	Text not match=ntangible Assets Disposals expected [1] but found [0],
	Text not match=Income b/f expected [1] but found [0],
	Text not match=Sales - VAT Consultancy Work expected [1] but found [0],
	Text not match=Sales - Personal/Individual Tax expected [1] but found [0],
	Text not match=Sales - Bookkeeping Services expected [1] but found [0],
	Text not match=Sales - Payroll Services expected [1] but found [0],
	Text not match=Sales - Management Accounts expected [1] but found [0],
	Text not match=Sales - Company Registrations expected [1] but found [0],
	Text not match=Sales expected [1] but found [0],
	Text not match=Flat Rate Savings expected [1] but found [0],
	Text not match=Employers National Insurance Allowance expected [1] but found [0],
	Text not match=Expense b/f expected [1] but found [0],
	Text not match=data5 expected [1] but found [0],
	Text not match=ntangible Assets Disposals expected [1] but found [0],
	Text not match=Income b/f expected [1] but found [0],
	Text not match=Sales - VAT Consultancy Work expected [1] but found [0],
	Text not match=Sales - Personal/Individual Tax expected [1] but found [0],
	Text not match=Sales - Bookkeeping Services expected [1] but found [0],
	Text not match=Sales - Payroll Services expected [1] but found [0],
	Text not match=Sales - Management Accounts expected [1] but found [0],
	Text not match=Sales - Company Registrations expected [1] but found [0],
	Text not match=Sales expected [1] but found [0],
	Text not match=Flat Rate Savings expected [1] but found [0],
	Text not match=Employers National Insurance Allowance expected [1] but found [0],
	Text not match=Expense b/f expected [1] but found [0],
	Text not match=data5 expected [1] but found [0],
	Text not match=ntangible Assets Disposals expected [1] but found [0],
	Text not match=Income b/f expected [1] but found [0],
	Text not match=Sales - VAT Consultancy Work expected [1] but found [0],
	Text not match=Sales - Personal/Individual Tax expected [1] but found [0],
	Text not match=Sales - Bookkeeping Services expected [1] but found [0],
	Text not match=Sales - Payroll Services expected [1] but found [0],
	Text not match=Sales - Management Accounts expected [1] but found [0],
	Text not match=Sales - Company Registrations expected [1] but found [0],
	Text not match=Sales expected [1] but found [0],
	Text not match=Flat Rate Savings expected [1] but found [0],
	Text not match=Employers National Insurance Allowance expected [1] but found [0],
	Text not match=Expense b/f expected [1] but found [0],
	Text not match=data5 expected [1] but found [0],
	Text not match=ntangible Assets Disposals expected [1] but found [0],
	Text not match=Income b/f expected [1] but found [0],
	Text not match=Sales - VAT Consultancy Work expected [1] but found [0],
	Text not match=Sales - Personal/Individual Tax expected [1] but found [0],
	Text not match=Sales - Bookkeeping Services expected [1] but found [0],
	Text not match=Sales - Payroll Services expected [1] but found [0],
	Text not match=Sales - Management Accounts expected [1] but found [0],
	Text not match=Sales - Company Registrations expected [1] but found [0],
	Text not match=Sales expected [1] but found [0],
	Text not match=Flat Rate Savings expected [1] but found [0],
	Text not match=Employers National Insurance Allowance expected [1] but found [0],
	Text not match=Expense b/f expected [1] but found [0]">
      <![CDATA[java.lang.AssertionError: The following asserts failed:
Text not match=ntangible Assets Disposals expected [1] but found [0],
Text not match=Income b/f expected [1] but found [0],
Text not match=Sales - VAT Consultancy Work expected [1] but found [0],
Text not match=Sales - Personal/Individual Tax expected [1] but found [0],
Text not match=Sales - Bookkeeping Services expected [1] but found [0],
Text not match=Sales - Payroll Services expected [1] but found [0],
Text not match=Sales - Management Accounts expected [1] but found [0],
Text not match=Sales - Company Registrations expected [1] but found [0],
Text not match=Sales expected [1] but found [0],
Text not match=Flat Rate Savings expected [1] but found [0],
Text not match=Employers National Insurance Allowance expected [1] but found [0],
Text not match=Expense b/f expected [1] but found [0],
Text not match=data5 expected [1] but found [0],
Text not match=ntangible Assets Disposals expected [1] but found [0],
Text not match=Income b/f expected [1] but found [0],
Text not match=Sales - VAT Consultancy Work expected [1] but found [0],
Text not match=Sales - Personal/Individual Tax expected [1] but found [0],
Text not match=Sales - Bookkeeping Services expected [1] but found [0],
Text not match=Sales - Payroll Services expected [1] but found [0],
Text not match=Sales - Management Accounts expected [1] but found [0],
Text not match=Sales - Company Registrations expected [1] but found [0],
Text not match=Sales expected [1] but found [0],
Text not match=Flat Rate Savings expected [1] but found [0],
Text not match=Employers National Insurance Allowance expected [1] but found [0],
Text not match=Expense b/f expected [1] but found [0],
Text not match=data5 expected [1] but found [0],
Text not match=ntangible Assets Disposals expected [1] but found [0],
Text not match=Income b/f expected [1] but found [0],
Text not match=Sales - VAT Consultancy Work expected [1] but found [0],
Text not match=Sales - Personal/Individual Tax expected [1] but found [0],
Text not match=Sales - Bookkeeping Services expected [1] but found [0],
Text not match=Sales - Payroll Services expected [1] but found [0],
Text not match=Sales - Management Accounts expected [1] but found [0],
Text not match=Sales - Company Registrations expected [1] but found [0],
Text not match=Sales expected [1] but found [0],
Text not match=Flat Rate Savings expected [1] but found [0],
Text not match=Employers National Insurance Allowance expected [1] but found [0],
Text not match=Expense b/f expected [1] but found [0],
Text not match=data5 expected [1] but found [0],
Text not match=ntangible Assets Disposals expected [1] but found [0],
Text not match=Income b/f expected [1] but found [0],
Text not match=Sales - VAT Consultancy Work expected [1] but found [0],
Text not match=Sales - Personal/Individual Tax expected [1] but found [0],
Text not match=Sales - Bookkeeping Services expected [1] but found [0],
Text not match=Sales - Payroll Services expected [1] but found [0],
Text not match=Sales - Management Accounts expected [1] but found [0],
Text not match=Sales - Company Registrations expected [1] but found [0],
Text not match=Sales expected [1] but found [0],
Text not match=Flat Rate Savings expected [1] but found [0],
Text not match=Employers National Insurance Allowance expected [1] but found [0],
Text not match=Expense b/f expected [1] but found [0],
Text not match=data5 expected [1] but found [0],
Text not match=ntangible Assets Disposals expected [1] but found [0],
Text not match=Income b/f expected [1] but found [0],
Text not match=Sales - VAT Consultancy Work expected [1] but found [0],
Text not match=Sales - Personal/Individual Tax expected [1] but found [0],
Text not match=Sales - Bookkeeping Services expected [1] but found [0],
Text not match=Sales - Payroll Services expected [1] but found [0],
Text not match=Sales - Management Accounts expected [1] but found [0],
Text not match=Sales - Company Registrations expected [1] but found [0],
Text not match=Sales expected [1] but found [0],
Text not match=Flat Rate Savings expected [1] but found [0],
Text not match=Employers National Insurance Allowance expected [1] but found [0],
Text not match=Expense b/f expected [1] but found [0]
at org.testng.asserts.SoftAssert.assertAll(SoftAssert.java:47)
at org.testng.asserts.SoftAssert.assertAll(SoftAssert.java:31)
at pages.SM311.nominalcode.Click_Search(nominalcode.java:306)
at tests.Ticket311.sm311_Nominalcode_Partnership.GoToUrlAssertUrlClickAdvisorToolsToplftClickNominalCodlinkPositiveEnterSearchCodeinputPositive(sm311_Nominalcode_Partnership.java:133)
at java.base/jdk.internal.reflect.NativeMethodAccessorImpl.invoke0(Native Method)
at java.base/jdk.internal.reflect.NativeMethodAccessorImpl.invoke(NativeMethodAccessorImpl.java:64)
at java.base/jdk.internal.reflect.DelegatingMethodAccessorImpl.invoke(DelegatingMethodAccessorImpl.java:43)
at java.base/java.lang.reflect.Method.invoke(Method.java:564)
at org.testng.internal.MethodInvocationHelper.invokeMethod(MethodInvocationHelper.java:133)
at org.testng.internal.TestInvoker.invokeMethod(TestInvoker.java:598)
at org.testng.internal.TestInvoker.invokeTestMethod(TestInvoker.java:173)
at org.testng.internal.MethodRunner.runInSequence(MethodRunner.java:46)
at org.testng.internal.TestInvoker$MethodInvocationAgent.invoke(TestInvoker.java:824)
at org.testng.internal.TestInvoker.invokeTestMethods(TestInvoker.java:146)
at org.testng.internal.TestMethodWorker.invokeTestMethods(TestMethodWorker.java:146)
at org.testng.internal.TestMethodWorker.run(TestMethodWorker.java:128)
at java.base/java.util.ArrayList.forEach(ArrayList.java:1511)
at org.testng.TestRunner.privateRun(TestRunner.java:794)
at org.testng.TestRunner.run(TestRunner.java:596)
at org.testng.SuiteRunner.runTest(SuiteRunner.java:377)
at org.testng.SuiteRunner.runSequentially(SuiteRunner.java:371)
at org.testng.SuiteRunner.privateRun(SuiteRunner.java:332)
at org.testng.SuiteRunner.run(SuiteRunner.java:276)
at org.testng.SuiteRunnerWorker.runSuite(SuiteRunnerWorker.java:53)
at org.testng.SuiteRunnerWorker.run(SuiteRunnerWorker.java:96)
at org.testng.TestNG.runSuitesSequentially(TestNG.java:1212)
at org.testng.TestNG.runSuitesLocally(TestNG.java:1134)
at org.testng.TestNG.runSuites(TestNG.java:1063)
at org.testng.TestNG.run(TestNG.java:1031)
at org.testng.remote.AbstractRemoteTestNG.run(AbstractRemoteTestNG.java:115)
at org.testng.remote.RemoteTestNG.initAndRun(RemoteTestNG.java:251)
at org.testng.remote.RemoteTestNG.main(RemoteTestNG.java:77)
]]>
    </failure>
  </testcase> <!-- GoToUrlAssertUrlClickAdvisorToolsToplftClickNominalCodlinkPositiveEnterSearchCodeinputPositive -->
</testsuite> <!-- sm311_Nominalcode_Partnership -->
