<?xml version="1.0" encoding="UTF-8"?>
<!-- Generated by org.testng.reporters.JUnitXMLReporter -->
<testsuite ignored="0" hostname="OB-Nidhi" failures="0" tests="1" name="Supplier_VATReturn3stVATReturnReport_SToFRS_DefaultProfileFullyReconcile_1" time="44.6" errors="0" timestamp="2021-06-29T18:18:44 IST">
  <testcase classname="VAT3.FullREC_S2_FLAT.Supplier_VATReturn3stVATReturnReport_SToFRS_DefaultProfileFullyReconcile_1" name="GoToUrlAssertUrlPositiveEnterUserNamePositiveEnterPasswordClickLoginButtonGoToUrlAssertUrlCl" time="38.478"/>
</testsuite> <!-- Supplier_VATReturn3stVATReturnReport_SToFRS_DefaultProfileFullyReconcile_1 -->
