<?xml version="1.0" encoding="UTF-8"?>
<!-- Generated by org.testng.reporters.JUnitXMLReporter -->
<testsuite ignored="0" hostname="OB-Nidhi" failures="0" tests="6" name="Supplier_debitNote_3" time="567.741" errors="0" timestamp="2021-07-28T18:08:00 IST">
  <testcase classname="VAT3.FullREC_S2_NOVAT.Supplier_debitNote_3" name="GoToUrlAssertUrlPositiveEnternLOGINPositiveEnternPASSClickLoginGoToUrlAssertUrlClickAgentsP1" time="89.323"/>
  <testcase classname="VAT3.FullREC_S2_NOVAT.Supplier_debitNote_3" name="GoToUrlAssertUrlPositiveEnternLOGINPositiveEnternPASSClickLoginGoToUrlAssertUrlClickAgentsP2" time="87.845"/>
  <testcase classname="VAT3.FullREC_S2_NOVAT.Supplier_debitNote_3" name="GoToUrlAssertUrlPositiveEnternLOGINPositiveEnternPASSClickLoginGoToUrlAssertUrlClickAgentsP3" time="87.744"/>
  <testcase classname="VAT3.FullREC_S2_NOVAT.Supplier_debitNote_3" name="GoToUrlAssertUrlPositiveEnternLOGINPositiveEnternPASSClickLoginGoToUrlAssertUrlClickAgentsP6" time="89.877"/>
  <testcase classname="VAT3.FullREC_S2_NOVAT.Supplier_debitNote_3" name="GoToUrlAssertUrlPositiveEnternLOGINPositiveEnternPASSClickLoginGoToUrlAssertUrlClickAgentsP7" time="85.465"/>
  <testcase classname="VAT3.FullREC_S2_NOVAT.Supplier_debitNote_3" name="GoToUrlAssertUrlPositiveEnternLOGINPositiveEnternPASSClickLoginGoToUrlAssertUrlClickAgentsP71" time="91.227"/>
</testsuite> <!-- Supplier_debitNote_3 -->
