<?xml version="1.0" encoding="UTF-8"?>
<!-- Generated by org.testng.reporters.JUnitXMLReporter -->
<testsuite ignored="0" hostname="OB-Nidhi" failures="0" tests="6" name="Supplier_ReconcileForDebitNote_2" time="573.692" errors="0" timestamp="2021-07-28T17:43:46 IST">
  <testcase classname="VAT3.FullREC_F2_Standard.Supplier_ReconcileForDebitNote_2" name="GoToUrlAssertUrlPositiveEnternLOGINPositiveEnternPASSClickLoginGoToUrlAssertUrlClickAgentsP1" time="91.785"/>
  <testcase classname="VAT3.FullREC_F2_Standard.Supplier_ReconcileForDebitNote_2" name="GoToUrlAssertUrlPositiveEnternLOGINPositiveEnternPASSClickLoginGoToUrlAssertUrlClickAgentsP2" time="88.062"/>
  <testcase classname="VAT3.FullREC_F2_Standard.Supplier_ReconcileForDebitNote_2" name="GoToUrlAssertUrlPositiveEnternLOGINPositiveEnternPASSClickLoginGoToUrlAssertUrlClickAgentsP3" time="90.747"/>
  <testcase classname="VAT3.FullREC_F2_Standard.Supplier_ReconcileForDebitNote_2" name="GoToUrlAssertUrlPositiveEnternLOGINPositiveEnternPASSClickLoginGoToUrlAssertUrlClickAgentsP6" time="86.274"/>
  <testcase classname="VAT3.FullREC_F2_Standard.Supplier_ReconcileForDebitNote_2" name="GoToUrlAssertUrlPositiveEnternLOGINPositiveEnternPASSClickLoginGoToUrlAssertUrlClickAgentsP7" time="92.696"/>
  <testcase classname="VAT3.FullREC_F2_Standard.Supplier_ReconcileForDebitNote_2" name="GoToUrlAssertUrlPositiveEnternLOGINPositiveEnternPASSClickLoginGoToUrlAssertUrlClickAgentsP71" time="87.047"/>
</testsuite> <!-- Supplier_ReconcileForDebitNote_2 -->
