<?xml version="1.0" encoding="UTF-8"?>
<!-- Generated by org.testng.reporters.JUnitXMLReporter -->
<testsuite ignored="0" hostname="OB-Nidhi" failures="0" tests="1" name="Supplier_PostVATReturn2stVATReturnReport_DefaultProfileFullyReconcile_1" time="78.723" errors="0" timestamp="2021-06-29T18:22:00 IST">
  <testcase classname="VAT3.FullREC_S2_FLAT.Supplier_PostVATReturn2stVATReturnReport_DefaultProfileFullyReconcile_1" name="GoToUrlAssertUrlPositiveEnterUserNamePositiveEnterPasswordClickLoginButtonGoToUrlAssertUrlCl" time="70.593"/>
</testsuite> <!-- Supplier_PostVATReturn2stVATReturnReport_DefaultProfileFullyReconcile_1 -->
