<?xml version="1.0" encoding="UTF-8"?>
<!-- Generated by org.testng.reporters.JUnitXMLReporter -->
<testsuite ignored="0" hostname="OB-Nidhi" failures="0" tests="1" name="Supplier_ScriptPostVATReturn3stVATReturnReport3" time="39.177" errors="0" timestamp="2021-07-28T18:41:04 IST">
  <testcase classname="VAT3.FullREC_F2_NOVAT.Supplier_ScriptPostVATReturn3stVATReturnReport3" name="GoToUrlAssertUrlPositiveEnterUserNamePositiveEnterPasswordClickLoginButtonGoToUrlAssertUrlCl" time="33.19"/>
</testsuite> <!-- Supplier_ScriptPostVATReturn3stVATReturnReport3 -->
