<?xml version="1.0" encoding="UTF-8"?>
<!-- Generated by org.testng.reporters.JUnitXMLReporter -->
<testsuite ignored="0" hostname="OB-Nidhi" failures="0" tests="1" name="Supplier_ScriptVATReturn2stVATReturnReport_PRE2" time="72.206" errors="0" timestamp="2021-07-28T18:37:05 IST">
  <testcase classname="VAT3.FullREC_F2_NOVAT.Supplier_ScriptVATReturn2stVATReturnReport_PRE2" name="GoToUrlAssertUrlPositiveEnterUserNamePositiveEnterPasswordClickLoginButtonGoToUrlAssertUrlCl" time="65.762"/>
</testsuite> <!-- Supplier_ScriptVATReturn2stVATReturnReport_PRE2 -->
