<?xml version="1.0" encoding="UTF-8"?>
<!-- Generated by org.testng.reporters.JUnitXMLReporter -->
<testsuite ignored="0" hostname="OB-Nidhi" failures="0" tests="1" name="Supplier_VATReturn1stVATReturnReport_SToFRS_DefaultProfileFullyReconcile_1" time="47.307" errors="0" timestamp="2021-07-28T17:23:49 IST">
  <testcase classname="VAT3.FullREC_S2_FLAT.Supplier_VATReturn1stVATReturnReport_SToFRS_DefaultProfileFullyReconcile_1" name="GoToUrlAssertUrlPositiveEnterUserNamePositiveEnterPasswordClickLoginButtonGoToUrlAssertUrlCl" time="41.385"/>
</testsuite> <!-- Supplier_VATReturn1stVATReturnReport_SToFRS_DefaultProfileFullyReconcile_1 -->
