<?xml version="1.0" encoding="UTF-8"?>
<!-- Generated by org.testng.reporters.JUnitXMLReporter -->
<testsuite ignored="0" hostname="OB-Nidhi" failures="0" tests="1" name="Supplier_PostVATReturn2stVATReturnReport_2" time="71.57" errors="0" timestamp="2021-07-28T18:17:22 IST">
  <testcase classname="VAT3.FullREC_S2_NOVAT.Supplier_PostVATReturn2stVATReturnReport_2" name="GoToUrlAssertUrlPositiveEnterUserNamePositiveEnterPasswordClickLoginButtonGoToUrlAssertUrlCl" time="65.556"/>
</testsuite> <!-- Supplier_PostVATReturn2stVATReturnReport_2 -->
