<?xml version="1.0" encoding="UTF-8"?>
<!-- Generated by org.testng.reporters.JUnitXMLReporter -->
<testsuite ignored="0" hostname="OB-Nidhi" failures="0" tests="1" name="Supplier_ScriptVATReturn3stVATReturnReport_PRE_3" time="44.189" errors="0" timestamp="2021-07-28T17:46:30 IST">
  <testcase classname="VAT3.FullREC_F2_Standard.Supplier_ScriptVATReturn3stVATReturnReport_PRE_3" name="GoToUrlAssertUrlPositiveEnterUserNamePositiveEnterPasswordClickLoginButtonGoToUrlAssertUrlCl" time="38.161"/>
</testsuite> <!-- Supplier_ScriptVATReturn3stVATReturnReport_PRE_3 -->
