<?xml version="1.0" encoding="UTF-8"?>
<!-- Generated by org.testng.reporters.JUnitXMLReporter -->
<testsuite ignored="0" hostname="OB-Nidhi" failures="0" tests="1" name="Suppler_EditVATType_Standard" time="53.379" errors="0" timestamp="2021-07-28T18:18:56 IST">
  <testcase classname="VAT3.FullREC_F2_NOVAT.Suppler_EditVATType_Standard1" name="GoToUrlAssertUrlPositiveEnterUserNamePositiveEnterPasswordClickLoginButtonGoToUrlAssertUrlCl2" time="47.39"/>
</testsuite> <!-- Suppler_EditVATType_Standard -->
