<?xml version="1.0" encoding="UTF-8"?>
<!-- Generated by org.testng.reporters.JUnitXMLReporter -->
<testsuite ignored="0" hostname="OB-Nidhi" failures="0" tests="1" name="Un_F2S_ScriptVATReturn1stVATReturnReport" time="47.682" errors="0" timestamp="2021-07-28T16:14:19 IST">
  <testcase classname="VAT3_UnReconciled_FtoS.Un_F2S_ScriptVATReturn1stVATReturnReport" name="GoToUrlAssertUrlPositiveEnterUserNamePositiveEnterPasswordClickLoginButtonGoToUrlAssertUrlCl" time="41.663"/>
</testsuite> <!-- Un_F2S_ScriptVATReturn1stVATReturnReport -->
