<?xml version="1.0" encoding="UTF-8"?>
<!-- Generated by org.testng.reporters.JUnitXMLReporter -->
<testsuite ignored="0" hostname="OB-Nidhi" failures="0" tests="1" name="Un_F2S_EditVATType_Standard" time="45.019" errors="0" timestamp="2021-07-28T15:59:07 IST">
  <testcase classname="VAT3_UnReconciled_FtoS.Un_F2S_EditVATType_Standard" name="GoToUrlAssertUrlPositiveEnterUserNamePositiveEnterPasswordClickLoginButtonGoToUrlAssertUrlCl2" time="39.08"/>
</testsuite> <!-- Un_F2S_EditVATType_Standard -->
