<?xml version="1.0" encoding="UTF-8"?>
<!-- Generated by org.testng.reporters.JUnitXMLReporter -->
<testsuite ignored="0" hostname="OB-Nidhi" failures="0" tests="1" name="Un_F2S_SubcontractorBill_SubContractor" time="87.903" errors="0" timestamp="2021-07-28T16:12:48 IST">
  <testcase classname="VAT3_UnReconciled_FtoS.Un_F2S_SubcontractorBill_SubContractor" name="GoToUrlClickExpenditureMenu1ClickNewmenu2ClickNewSubcontractorBill3PositiveEnterBillNo4Positiv" time="39.195"/>
</testsuite> <!-- Un_F2S_SubcontractorBill_SubContractor -->
