<?xml version="1.0" encoding="UTF-8"?>
<!-- Generated by org.testng.reporters.JUnitXMLReporter -->
<testsuite ignored="0" hostname="OB-Nidhi" failures="0" tests="1" name="Un_F2S_addvatrate_Addvat" time="42.703" errors="0" timestamp="2021-07-28T16:16:53 IST">
  <testcase classname="VAT3_UnReconciled_FtoS.Un_F2S_addvatrate_Addvat" name="GoToUrlAssertUrlPositiveSelectVATStatus1PositiveEnterEffectiveDatePositiveSelectFlatrateBusines" time="36.709"/>
</testsuite> <!-- Un_F2S_addvatrate_Addvat -->
