<?xml version="1.0" encoding="UTF-8"?>
<!-- Generated by org.testng.reporters.JUnitXMLReporter -->
<testsuite ignored="0" hostname="OB-Nidhi" failures="0" tests="2" name="UN_ReconcileForVATOnly_2" time="94.842" errors="0" timestamp="2021-07-28T15:48:38 IST">
  <testcase classname="VAT3_UnReconciled_STOF.UN_ReconcileForVATOnly_2" name="GoToUrlAssertUrlPositiveEnternLOGINPositiveEnternPASSClickLoginGoToUrlAssertUrlClickAgentsP1" time="43.431"/>
  <testcase classname="VAT3_UnReconciled_STOF.UN_ReconcileForVATOnly_2" name="GoToUrlAssertUrlPositiveEnternLOGINPositiveEnternPASSClickLoginGoToUrlAssertUrlClickAgentsP3" time="38.948"/>
</testsuite> <!-- UN_ReconcileForVATOnly_2 -->
