<?xml version="1.0" encoding="UTF-8"?>
<!-- Generated by org.testng.reporters.JUnitXMLReporter -->
<testsuite ignored="0" hostname="OB-Nidhi" failures="0" tests="1" name="UN_ScriptPostVATReturn2stVATReturnReport_Flat2NOVAT" time="74.087" errors="0" timestamp="2021-07-28T17:01:02 IST">
  <testcase classname="VAT3_UnReconciled_FLAT2_NOVAT.UN_ScriptPostVATReturn2stVATReturnReport_Flat2NOVAT" name="GoToUrlAssertUrlPositiveEnterUserNamePositiveEnterPasswordClickLoginButtonGoToUrlAssertUrlCl" time="68.128"/>
</testsuite> <!-- UN_ScriptPostVATReturn2stVATReturnReport_Flat2NOVAT -->
