<?xml version="1.0" encoding="UTF-8"?>
<!-- Generated by org.testng.reporters.JUnitXMLReporter -->
<testsuite ignored="0" hostname="OB-Nidhi" failures="0" tests="1" name="UN_ScriptVATReturn2stVATReturnReport_S2NOVAT" time="71.076" errors="0" timestamp="2021-07-28T16:37:34 IST">
  <testcase classname="VAT3_UnReconciled_S2_NOVAT.UN_ScriptVATReturn2stVATReturnReport_S2NOVAT" name="GoToUrlAssertUrlPositiveEnterUserNamePositiveEnterPasswordClickLoginButtonGoToUrlAssertUrlCl" time="64.898"/>
</testsuite> <!-- UN_ScriptVATReturn2stVATReturnReport_S2NOVAT -->
