<?xml version="1.0" encoding="UTF-8"?>
<!-- Generated by org.testng.reporters.JUnitXMLReporter -->
<testsuite ignored="0" hostname="OB-Nidhi" failures="0" tests="1" name="UN_SubcontractorBill_SubContractor_S2NOVAT" time="87.339" errors="0" timestamp="2021-07-28T16:33:43 IST">
  <testcase classname="VAT3_UnReconciled_S2_NOVAT.UN_SubcontractorBill_SubContractor_S2NOVAT" name="GoToUrlClickExpenditureMenu1ClickNewmenu2ClickNewSubcontractorBill3PositiveEnterBillNo4Positiv" time="39.287"/>
</testsuite> <!-- UN_SubcontractorBill_SubContractor_S2NOVAT -->
