<?xml version="1.0" encoding="UTF-8"?>
<!-- Generated by org.testng.reporters.JUnitXMLReporter -->
<testsuite ignored="0" hostname="OB-Nidhi" failures="0" tests="1" name="UN_ScriptVATReturn2stVATReturnReport_Flat2NOVAT" time="74.952" errors="0" timestamp="2021-07-28T16:57:41 IST">
  <testcase classname="VAT3_UnReconciled_FLAT2_NOVAT.UN_ScriptVATReturn2stVATReturnReport_Flat2NOVAT" name="GoToUrlAssertUrlPositiveEnterUserNamePositiveEnterPasswordClickLoginButtonGoToUrlAssertUrlCl" time="69.077"/>
</testsuite> <!-- UN_ScriptVATReturn2stVATReturnReport_Flat2NOVAT -->
